<?xml version="1.0" encoding="UTF-8"?>
<!-- Generated by org.testng.reporters.JUnitXMLReporter -->
<testsuite ignored="0" hostname="JAGDEESH" failures="1" tests="3" name="Test" time="112.973" errors="0" timestamp="2023-03-22T10:52:24 IST">
  <testcase classname="test_ng.Amazon_Listener" name="navToURL" time="47.57"/>
  <testcase classname="test_ng.Amazon_Listener" name="searchTest" time="35.42">
    <failure type="java.lang.AssertionError" message="expected [Groww] but found [Amazon.in : mobile]">
      <![CDATA[java.lang.AssertionError: expected [Groww] but found [Amazon.in : mobile]
at test_ng.Amazon_Listener.searchTest(Amazon_Listener.java:53)
at java.base/java.util.ArrayList.forEach(ArrayList.java:1511)
... Removed 31 stack frames]]>
    </failure>
  </testcase> <!-- searchTest -->
  <testcase classname="test_ng.Amazon_Listener" name="clickOnProductAndAdd" time="27.478"/>
</testsuite> <!-- Test -->
